<?xml version="1.0" encoding="UTF-8"?>
<!-- Generated by org.testng.reporters.JUnitReportReporter -->
<testsuite hostname="DESKTOP-KMT84M5" failures="0" tests="2" name="TestCases.GogleTest" time="0.762" errors="0" timestamp="14 Oct 2022 05:17:25 GMT" skipped="0">
  <testcase classname="TestCases.GogleTest" name="pageTitleTest" time="0.079"/>
  <testcase classname="TestCases.GogleTest" name="searchTest" time="0.683"/>
</testsuite> <!-- TestCases.GogleTest -->
