<?xml version="1.0" encoding="UTF-8"?>
<!-- Generated by org.testng.reporters.JUnitReportReporter -->
<testsuite hostname="LAPTOP-1T7NIORR" failures="0" tests="2" name="TestCases.OpenCartTest" time="0.047" errors="0" timestamp="16 Dec 2023 19:16:22 GMT" skipped="0">
  <testcase classname="TestCases.OpenCartTest" name="pageTitleTest" time="0.009"/>
  <testcase classname="TestCases.OpenCartTest" name="searchTest" time="0.038"/>
</testsuite> <!-- TestCases.OpenCartTest -->
