<?xml version="1.0" encoding="UTF-8"?>
<!-- Generated by org.testng.reporters.JUnitReportReporter -->
<testsuite hostname="DESKTOP-KMT84M5" failures="0" tests="3" name="TestNgSession.AmazonTest" time="3.889" errors="0" timestamp="27 Sep 2022 09:44:09 GMT" skipped="0">
  <testcase classname="TestNgSession.AmazonTest" name="logoTest" time="3.683"/>
  <testcase classname="TestNgSession.AmazonTest" name="pageTitleTest" time="0.144"/>
  <testcase classname="TestNgSession.AmazonTest" name="searchTest" time="0.062"/>
</testsuite> <!-- TestNgSession.AmazonTest -->
