<?xml version="1.0" encoding="UTF-8"?>
<!-- Generated by org.testng.reporters.JUnitReportReporter -->
<testsuite hostname="LAPTOP-1T7NIORR" failures="0" tests="4" name="uatIndieWeb.Tests.WebCarausalScreenTest" time="12.529" errors="0" timestamp="12 Aug 2024 18:14:32 GMT" skipped="0">
  <testcase classname="uatIndieWeb.Tests.WebCarausalScreenTest" name="clickContactCTATest" time="12.285"/>
  <testcase classname="uatIndieWeb.Tests.WebCarausalScreenTest" name="getSupportIndieEmailidTest" time="0.057"/>
  <testcase classname="uatIndieWeb.Tests.WebCarausalScreenTest" name="closeContactUsPopUpTest" time="0.071"/>
  <testcase classname="uatIndieWeb.Tests.WebCarausalScreenTest" name="letsGetStartedCTATest" time="0.116"/>
</testsuite> <!-- uatIndieWeb.Tests.WebCarausalScreenTest -->
