<?xml version="1.0" encoding="UTF-8"?>
<!-- Generated by org.testng.reporters.JUnitReportReporter -->
<testsuite hostname="DESKTOP-KMT84M5" failures="0" tests="4" name="TestNgSession.IgnoreTestCases" time="0.021" errors="0" timestamp="27 Sep 2022 11:39:24 GMT" skipped="1">
  <testcase classname="TestNgSession.IgnoreTestCases" name="logoTest" time="0.016"/>
  <testcase classname="TestNgSession.IgnoreTestCases" name="searchTest" time="0.003"/>
  <testcase classname="TestNgSession.IgnoreTestCases" name="pageTitleTest" time="0.002"/>
  <testcase classname="TestNgSession.IgnoreTestCases" name="paymentTest">
    <skipped/>
  </testcase> <!-- paymentTest -->
</testsuite> <!-- TestNgSession.IgnoreTestCases -->
