<?xml version="1.0" encoding="UTF-8"?>
<!-- Generated by org.testng.reporters.JUnitReportReporter -->
<testsuite hostname="LAPTOP-1T7NIORR" failures="0" tests="3" name="TestCases.GogleTest" time="127.695" errors="1" timestamp="16 Dec 2023 19:16:22 GMT" skipped="2">
  <testcase classname="TestCases.GogleTest" name="setUp" time="127.695">
    <error message="org.apache.hc.client5.http.HttpHostConnectException: Connect to https://raw.githubusercontent.com:443 [raw.githubusercontent.com/49.44.79.236, raw.githubusercontent.com/2405:200:1607:2820:41:0:0:36] failed: Connection timed out: no further information" type="io.github.bonigarcia.wdm.config.WebDriverManagerException">
      <![CDATA[io.github.bonigarcia.wdm.config.WebDriverManagerException: org.apache.hc.client5.http.HttpHostConnectException: Connect to https://raw.githubusercontent.com:443 [raw.githubusercontent.com/49.44.79.236, raw.githubusercontent.com/2405:200:1607:2820:41:0:0:36] failed: Connection timed out: no further information
at io.github.bonigarcia.wdm.WebDriverManager.handleException(WebDriverManager.java:1409)
at io.github.bonigarcia.wdm.WebDriverManager.manage(WebDriverManager.java:1183)
at io.github.bonigarcia.wdm.WebDriverManager.fallback(WebDriverManager.java:1425)
at io.github.bonigarcia.wdm.WebDriverManager.handleException(WebDriverManager.java:1402)
at io.github.bonigarcia.wdm.WebDriverManager.manage(WebDriverManager.java:1183)
at io.github.bonigarcia.wdm.WebDriverManager.setup(WebDriverManager.java:425)
at mavenselenium.BrowserUtil.launchBrowser(BrowserUtil.java:34)
at TestCases.BaseTest.setUp(BaseTest.java:23)
at java.base/jdk.internal.reflect.NativeMethodAccessorImpl.invoke0(Native Method)
at java.base/jdk.internal.reflect.NativeMethodAccessorImpl.invoke(NativeMethodAccessorImpl.java:77)
at java.base/jdk.internal.reflect.DelegatingMethodAccessorImpl.invoke(DelegatingMethodAccessorImpl.java:43)
at java.base/java.lang.reflect.Method.invoke(Method.java:568)
at org.testng.internal.MethodInvocationHelper.invokeMethod(MethodInvocationHelper.java:124)
at org.testng.internal.MethodInvocationHelper.invokeMethodConsideringTimeout(MethodInvocationHelper.java:59)
at org.testng.internal.Invoker.invokeConfigurationMethod(Invoker.java:458)
at org.testng.internal.Invoker.invokeConfigurations(Invoker.java:222)
at org.testng.internal.Invoker.invokeConfigurations(Invoker.java:142)
at org.testng.TestRunner.beforeRun(TestRunner.java:529)
at org.testng.TestRunner.run(TestRunner.java:497)
at org.testng.SuiteRunner.runTest(SuiteRunner.java:455)
at org.testng.SuiteRunner.access$000(SuiteRunner.java:40)
at org.testng.SuiteRunner$SuiteWorker.run(SuiteRunner.java:489)
at org.testng.internal.thread.ThreadUtil$1.call(ThreadUtil.java:52)
at java.base/java.util.concurrent.FutureTask.run(FutureTask.java:264)
at java.base/java.util.concurrent.ThreadPoolExecutor.runWorker(ThreadPoolExecutor.java:1136)
at java.base/java.util.concurrent.ThreadPoolExecutor$Worker.run(ThreadPoolExecutor.java:635)
at java.base/java.lang.Thread.run(Thread.java:840)
Caused by: org.apache.hc.client5.http.HttpHostConnectException: Connect to https://raw.githubusercontent.com:443 [raw.githubusercontent.com/49.44.79.236, raw.githubusercontent.com/2405:200:1607:2820:41:0:0:36] failed: Connection timed out: no further information
at java.base/sun.nio.ch.Net.pollConnect(Native Method)
at java.base/sun.nio.ch.Net.pollConnectNow(Net.java:672)
at java.base/sun.nio.ch.NioSocketImpl.timedFinishConnect(NioSocketImpl.java:554)
at java.base/sun.nio.ch.NioSocketImpl.connect(NioSocketImpl.java:602)
at java.base/java.net.SocksSocketImpl.connect(SocksSocketImpl.java:327)
at java.base/java.net.Socket.connect(Socket.java:633)
at org.apache.hc.client5.http.ssl.SSLConnectionSocketFactory.lambda$connectSocket$0(SSLConnectionSocketFactory.java:232)
at java.base/java.security.AccessController.doPrivileged(AccessController.java:569)
at org.apache.hc.client5.http.ssl.SSLConnectionSocketFactory.connectSocket(SSLConnectionSocketFactory.java:231)
at org.apache.hc.client5.http.impl.io.DefaultHttpClientConnectionOperator.connect(DefaultHttpClientConnectionOperator.java:181)
at org.apache.hc.client5.http.impl.io.PoolingHttpClientConnectionManager.connect(PoolingHttpClientConnectionManager.java:447)
at org.apache.hc.client5.http.impl.classic.InternalExecRuntime.connectEndpoint(InternalExecRuntime.java:162)
at org.apache.hc.client5.http.impl.classic.InternalExecRuntime.connectEndpoint(InternalExecRuntime.java:172)
at org.apache.hc.client5.http.impl.classic.ConnectExec.execute(ConnectExec.java:142)
at org.apache.hc.client5.http.impl.classic.ExecChainElement.execute(ExecChainElement.java:51)
at org.apache.hc.client5.http.impl.classic.ProtocolExec.execute(ProtocolExec.java:192)
at org.apache.hc.client5.http.impl.classic.ExecChainElement.execute(ExecChainElement.java:51)
at org.apache.hc.client5.http.impl.classic.HttpRequestRetryExec.execute(HttpRequestRetryExec.java:96)
at org.apache.hc.client5.http.impl.classic.ExecChainElement.execute(ExecChainElement.java:51)
at org.apache.hc.client5.http.impl.classic.ContentCompressionExec.execute(ContentCompressionExec.java:152)
at org.apache.hc.client5.http.impl.classic.ExecChainElement.execute(ExecChainElement.java:51)
at org.apache.hc.client5.http.impl.classic.RedirectExec.execute(RedirectExec.java:115)
at org.apache.hc.client5.http.impl.classic.ExecChainElement.execute(ExecChainElement.java:51)
at org.apache.hc.client5.http.impl.classic.InternalHttpClient.doExecute(InternalHttpClient.java:170)
at org.apache.hc.client5.http.impl.classic.CloseableHttpClient.execute(CloseableHttpClient.java:87)
at org.apache.hc.client5.http.impl.classic.CloseableHttpClient.execute(CloseableHttpClient.java:55)
at org.apache.hc.client5.http.classic.HttpClient.executeOpen(HttpClient.java:183)
at io.github.bonigarcia.wdm.online.HttpClient.execute(HttpClient.java:162)
at io.github.bonigarcia.wdm.WebDriverManager.openGitHubConnection(WebDriverManager.java:1592)
at io.github.bonigarcia.wdm.WebDriverManager.getDriversFromGitHub(WebDriverManager.java:1606)
at io.github.bonigarcia.wdm.managers.FirefoxDriverManager.getDriverUrls(FirefoxDriverManager.java:102)
at io.github.bonigarcia.wdm.WebDriverManager.createUrlHandler(WebDriverManager.java:1430)
at io.github.bonigarcia.wdm.WebDriverManager.download(WebDriverManager.java:1258)
at io.github.bonigarcia.wdm.WebDriverManager.manage(WebDriverManager.java:1177)
... 25 more
]]>
    </error>
  </testcase> <!-- setUp -->
  <testcase classname="TestCases.GogleTest" name="searchTest" time="0.000">
    <skipped/>
  </testcase> <!-- searchTest -->
  <testcase classname="TestCases.GogleTest" name="pageTitleTest" time="0.000">
    <skipped/>
  </testcase> <!-- pageTitleTest -->
</testsuite> <!-- TestCases.GogleTest -->
