<?xml version="1.0" encoding="UTF-8"?>
<!-- Generated by org.testng.reporters.JUnitReportReporter -->
<testsuite hostname="DESKTOP-KMT84M5" failures="0" tests="3" name="TestNgSession.DependsOnMethod" time="0.031" errors="0" timestamp="01 Oct 2022 08:09:13 GMT" skipped="0">
  <testcase classname="TestNgSession.DependsOnMethod" name="createUser" time="0.027"/>
  <testcase classname="TestNgSession.DependsOnMethod" name="updateUser" time="0.002"/>
  <testcase classname="TestNgSession.DependsOnMethod" name="deleteUser" time="0.002"/>
</testsuite> <!-- TestNgSession.DependsOnMethod -->
