<?xml version="1.0" encoding="UTF-8"?>
<!-- Generated by org.testng.reporters.JUnitReportReporter -->
<testsuite hostname="LAPTOP-1T7NIORR" failures="0" tests="3" name="TestNgSession.AmazonTest1" time="17.921" errors="0" timestamp="16 Dec 2023 19:09:20 GMT" skipped="0">
  <testcase classname="TestNgSession.AmazonTest1" name="pageTitleTest" time="7.910"/>
  <testcase classname="TestNgSession.AmazonTest1" name="searchTest" time="4.755"/>
  <testcase classname="TestNgSession.AmazonTest1" name="logoTest" time="5.256"/>
</testsuite> <!-- TestNgSession.AmazonTest1 -->
