<?xml version="1.0" encoding="UTF-8"?>
<!-- Generated by org.testng.reporters.JUnitReportReporter -->
<testsuite hostname="LAPTOP-1T7NIORR" failures="0" tests="4" name="com.qa.opencart.Tests.LoginPageTest" time="24.553" errors="0" timestamp="24 Dec 2023 15:20:39 GMT" skipped="0">
  <testcase classname="com.qa.opencart.Tests.LoginPageTest" name="loginPageTitleTest" time="6.166"/>
  <testcase classname="com.qa.opencart.Tests.LoginPageTest" name="loginPageUrlTest" time="6.807"/>
  <testcase classname="com.qa.opencart.Tests.LoginPageTest" name="loginPageForgotPwdLinkTest" time="3.424"/>
  <testcase classname="com.qa.opencart.Tests.LoginPageTest" name="loginTest" time="8.156"/>
</testsuite> <!-- com.qa.opencart.Tests.LoginPageTest -->
