<?xml version="1.0" encoding="UTF-8"?>
<!-- Generated by org.testng.reporters.JUnitReportReporter -->
<testsuite hostname="DESKTOP-KMT84M5" failures="0" tests="10" name="TestNgSession.InvocationCount" time="0.029" errors="0" timestamp="28 Sep 2022 07:16:39 GMT" skipped="0">
  <testcase classname="TestNgSession.InvocationCount" name="paymentTest" time="0.001"/>
  <testcase classname="TestNgSession.InvocationCount" name="paymentTest" time="0.002"/>
  <testcase classname="TestNgSession.InvocationCount" name="paymentTest" time="0.001"/>
  <testcase classname="TestNgSession.InvocationCount" name="paymentTest" time="0.002"/>
  <testcase classname="TestNgSession.InvocationCount" name="paymentTest" time="0.015"/>
  <testcase classname="TestNgSession.InvocationCount" name="paymentTest" time="0.001"/>
  <testcase classname="TestNgSession.InvocationCount" name="paymentTest" time="0.002"/>
  <testcase classname="TestNgSession.InvocationCount" name="paymentTest" time="0.002"/>
  <testcase classname="TestNgSession.InvocationCount" name="paymentTest" time="0.001"/>
  <testcase classname="TestNgSession.InvocationCount" name="paymentTest" time="0.002"/>
</testsuite> <!-- TestNgSession.InvocationCount -->
