<?xml version="1.0" encoding="UTF-8"?>
<!-- Generated by org.testng.reporters.JUnitReportReporter -->
<testsuite hostname="LAPTOP-1T7NIORR" failures="0" tests="3" name="TestCases.AmazonTest" time="0.125" errors="0" timestamp="16 Dec 2023 19:16:22 GMT" skipped="0">
  <testcase classname="TestCases.AmazonTest" name="pageTitleTest" time="0.009"/>
  <testcase classname="TestCases.AmazonTest" name="searchTest" time="0.080"/>
  <testcase classname="TestCases.AmazonTest" name="logoTest" time="0.036"/>
</testsuite> <!-- TestCases.AmazonTest -->
