<?xml version="1.0" encoding="UTF-8"?>
<!-- Generated by org.testng.reporters.JUnitReportReporter -->
<testsuite hostname="LAPTOP-1T7NIORR" failures="0" tests="3" name="TestNgSession.AmazonTest" time="0.181" errors="0" timestamp="16 Dec 2023 19:12:44 GMT" skipped="0">
  <testcase classname="TestNgSession.AmazonTest" name="pageTitleTest" time="0.008"/>
  <testcase classname="TestNgSession.AmazonTest" name="logoTest" time="0.063"/>
  <testcase classname="TestNgSession.AmazonTest" name="searchTest" time="0.110"/>
</testsuite> <!-- TestNgSession.AmazonTest -->
