<?xml version="1.0" encoding="UTF-8"?>
<!-- Generated by org.testng.reporters.JUnitReportReporter -->
<testsuite hostname="DESKTOP-KMT84M5" failures="0" tests="1" name="TestNgSession.ExpectedExceptions" time="0.019" errors="0" timestamp="27 Sep 2022 11:50:59 GMT" skipped="0">
  <testcase classname="TestNgSession.ExpectedExceptions" name="searchTest" time="0.019"/>
</testsuite> <!-- TestNgSession.ExpectedExceptions -->
