<?xml version="1.0" encoding="UTF-8"?>
<!-- Generated by org.testng.reporters.JUnitReportReporter -->
<testsuite hostname="DESKTOP-KMT84M5" failures="0" tests="3" name="TestNgSession.TestNgConcept" time="0.025" errors="0" timestamp="27 Sep 2022 07:50:11 GMT" skipped="0">
  <testcase classname="TestNgSession.TestNgConcept" name="addToCartTest" time="0.015"/>
  <testcase classname="TestNgSession.TestNgConcept" name="searchTest" time="0.003"/>
  <testcase classname="TestNgSession.TestNgConcept" name="paymentTest" time="0.007"/>
</testsuite> <!-- TestNgSession.TestNgConcept -->
