<?xml version="1.0" encoding="UTF-8"?>
<!-- Generated by org.testng.reporters.JUnitReportReporter -->
<testsuite hostname="DESKTOP-KMT84M5" failures="0" tests="3" name="TestNgSession.AmazonTest1" time="53.177" errors="0" timestamp="15 Oct 2022 05:28:43 GMT" skipped="0">
  <testcase classname="TestNgSession.AmazonTest1" name="pageTitleTest" time="18.850"/>
  <testcase classname="TestNgSession.AmazonTest1" name="searchTest" time="21.867"/>
  <testcase classname="TestNgSession.AmazonTest1" name="logoTest" time="12.460"/>
</testsuite> <!-- TestNgSession.AmazonTest1 -->
